Performing C SOURCE FILE Test HAVE_FORCE_INLINE failed with the following output:
Change Dir: /home/thejana/Documents/assignments/year_04/is4101/maxsat_solvers/gecode/gecode-release-6.2.0/build/CMakeFiles/CMakeTmp

Run Build Command(s):/usr/bin/gmake -f Makefile cmTC_b99d7/fast && /usr/bin/gmake  -f CMakeFiles/cmTC_b99d7.dir/build.make CMakeFiles/cmTC_b99d7.dir/build
gmake[1]: Entering directory '/home/thejana/Documents/assignments/year_04/is4101/maxsat_solvers/gecode/gecode-release-6.2.0/build/CMakeFiles/CMakeTmp'
Building C object CMakeFiles/cmTC_b99d7.dir/src.c.o
/usr/bin/cc -DHAVE_FORCE_INLINE   -o CMakeFiles/cmTC_b99d7.dir/src.c.o -c /home/thejana/Documents/assignments/year_04/is4101/maxsat_solvers/gecode/gecode-release-6.2.0/build/CMakeFiles/CMakeTmp/src.c
/home/thejana/Documents/assignments/year_04/is4101/maxsat_solvers/gecode/gecode-release-6.2.0/build/CMakeFiles/CMakeTmp/src.c:2:16: error: expected ‘;’ before ‘void’
    2 |   __forceinline void foo(void) {}
      |                ^~~~~
      |                ;
gmake[1]: *** [CMakeFiles/cmTC_b99d7.dir/build.make:78: CMakeFiles/cmTC_b99d7.dir/src.c.o] Error 1
gmake[1]: Leaving directory '/home/thejana/Documents/assignments/year_04/is4101/maxsat_solvers/gecode/gecode-release-6.2.0/build/CMakeFiles/CMakeTmp'
gmake: *** [Makefile:127: cmTC_b99d7/fast] Error 2


Source file was:

  __forceinline void foo(void) {}
  int main() {}
